<?xml version="1.0" encoding="UTF-8"?>
<testsuite name="db.DbTest" tests="1" skipped="0" failures="0" errors="0" timestamp="2016-01-16T16:07:22" hostname="Priyas-MBP-2" time="0.003">
  <properties/>
  <testcase name="outputsSimpleTable" classname="db.DbTest" time="0.003"/>
  <system-out><![CDATA[]]></system-out>
  <system-err><![CDATA[]]></system-err>
</testsuite>
